Using pre-set license
Built from '2022.3/staging' branch; Version is '2022.3.8f1 (b5eafc012955) revision 11922172'; Using compiler version '192829333'; Build Type 'Release'
OS: 'Windows 11  (10.0.22621) 64bit CoreSingleLanguage' Language: 'es' Physical Memory: 16021 MB
BatchMode: 1, IsHumanControllingUs: 0, StartBugReporterOnCrash: 0, Is64bit: 1, IsPro: 1

COMMAND LINE ARGUMENTS:
C:\Program Files\Unity\Hub\Editor\2022.3.8f1\Editor\Unity.exe
-adb2
-batchMode
-noUpm
-name
AssetImportWorker1
-projectPath
C:/Users/holad/OneDrive/Documentos/GitHub/props_diana
-logFile
Logs/AssetImportWorker1.log
-srvPort
50670
Successfully changed project path to: C:/Users/holad/OneDrive/Documentos/GitHub/props_diana
C:/Users/holad/OneDrive/Documentos/GitHub/props_diana
[UnityMemory] Configuration Parameters - Can be set up in boot.config
    "memorysetup-bucket-allocator-granularity=16"
    "memorysetup-bucket-allocator-bucket-count=8"
    "memorysetup-bucket-allocator-block-size=33554432"
    "memorysetup-bucket-allocator-block-count=8"
    "memorysetup-main-allocator-block-size=16777216"
    "memorysetup-thread-allocator-block-size=16777216"
    "memorysetup-gfx-main-allocator-block-size=16777216"
    "memorysetup-gfx-thread-allocator-block-size=16777216"
    "memorysetup-cache-allocator-block-size=4194304"
    "memorysetup-typetree-allocator-block-size=2097152"
    "memorysetup-profiler-bucket-allocator-granularity=16"
    "memorysetup-profiler-bucket-allocator-bucket-count=8"
    "memorysetup-profiler-bucket-allocator-block-size=33554432"
    "memorysetup-profiler-bucket-allocator-block-count=8"
    "memorysetup-profiler-allocator-block-size=16777216"
    "memorysetup-profiler-editor-allocator-block-size=1048576"
    "memorysetup-temp-allocator-size-main=16777216"
    "memorysetup-job-temp-allocator-block-size=2097152"
    "memorysetup-job-temp-allocator-block-size-background=1048576"
    "memorysetup-job-temp-allocator-reduction-small-platforms=262144"
    "memorysetup-allocator-temp-initial-block-size-main=262144"
    "memorysetup-allocator-temp-initial-block-size-worker=262144"
    "memorysetup-temp-allocator-size-background-worker=32768"
    "memorysetup-temp-allocator-size-job-worker=262144"
    "memorysetup-temp-allocator-size-preload-manager=33554432"
    "memorysetup-temp-allocator-size-nav-mesh-worker=65536"
    "memorysetup-temp-allocator-size-audio-worker=65536"
    "memorysetup-temp-allocator-size-cloud-worker=32768"
    "memorysetup-temp-allocator-size-gi-baking-worker=262144"
    "memorysetup-temp-allocator-size-gfx=262144"
Player connection [5188] Host "[IP] 192.168.0.10 [Port] 0 [Flags] 2 [Guid] 819379178 [EditorId] 819379178 [Version] 1048832 [Id] WindowsEditor(7,ODG23) [Debug] 1 [PackageName] WindowsEditor [ProjectName] Editor" joined multi-casting on [225.0.0.222:54997]...

Player connection [5188] Host "[IP] 192.168.0.10 [Port] 0 [Flags] 2 [Guid] 819379178 [EditorId] 819379178 [Version] 1048832 [Id] WindowsEditor(7,ODG23) [Debug] 1 [PackageName] WindowsEditor [ProjectName] Editor" joined alternative multi-casting on [225.0.0.222:34997]...

[Physics::Module] Initialized MultithreadedJobDispatcher with 15 workers.
Refreshing native plugins compatible for Editor in 1302.45 ms, found 3 plugins.
Preloading 0 native plugins for Editor in 0.00 ms.
Initialize engine version: 2022.3.8f1 (b5eafc012955)
[Subsystems] Discovering subsystems at path C:/Program Files/Unity/Hub/Editor/2022.3.8f1/Editor/Data/Resources/UnitySubsystems
[Subsystems] Discovering subsystems at path C:/Users/holad/OneDrive/Documentos/GitHub/props_diana/Assets
GfxDevice: creating device client; threaded=0; jobified=0
Direct3D:
    Version:  Direct3D 11.0 [level 11.1]
    Renderer: NVIDIA GeForce RTX 3060 Laptop GPU (ID=0x2520)
    Vendor:   NVIDIA
    VRAM:     6009 MB
    Driver:   31.0.15.2878
Initialize mono
Mono path[0] = 'C:/Program Files/Unity/Hub/Editor/2022.3.8f1/Editor/Data/Managed'
Mono path[1] = 'C:/Program Files/Unity/Hub/Editor/2022.3.8f1/Editor/Data/MonoBleedingEdge/lib/mono/unityjit-win32'
Mono config path = 'C:/Program Files/Unity/Hub/Editor/2022.3.8f1/Editor/Data/MonoBleedingEdge/etc'
Using monoOptions --debugger-agent=transport=dt_socket,embedding=1,server=y,suspend=n,address=127.0.0.1:56420
Begin MonoManager ReloadAssembly
Registering precompiled unity dll's ...
Register platform support module: C:/Program Files/Unity/Hub/Editor/2022.3.8f1/Editor/Data/PlaybackEngines/WebGLSupport/UnityEditor.WebGL.Extensions.dll
Register platform support module: C:/Program Files/Unity/Hub/Editor/2022.3.8f1/Editor/Data/PlaybackEngines/WindowsStandaloneSupport/UnityEditor.WindowsStandalone.Extensions.dll
Registered in 0.180423 seconds.
- Loaded All Assemblies, in  5.331 seconds
Native extension for WindowsStandalone target not found
Native extension for WebGL target not found
Mono: successfully reloaded assembly
- Finished resetting the current domain, in  0.221 seconds
Domain Reload Profiling: 5550ms
	BeginReloadAssembly (3864ms)
		ExecutionOrderSort (0ms)
		DisableScriptedObjects (0ms)
		BackupInstance (0ms)
		ReleaseScriptingObjects (0ms)
		CreateAndSetChildDomain (1ms)
	RebuildCommonClasses (354ms)
	RebuildNativeTypeToScriptingClass (12ms)
	initialDomainReloadingComplete (232ms)
	LoadAllAssembliesAndSetupDomain (867ms)
		LoadAssemblies (3861ms)
		RebuildTransferFunctionScriptingTraits (0ms)
		AnalyzeDomain (865ms)
			TypeCache.Refresh (863ms)
				TypeCache.ScanAssembly (655ms)
			ScanForSourceGeneratedMonoScriptInfo (1ms)
			ResolveRequiredComponents (1ms)
	FinalizeReload (222ms)
		ReleaseScriptCaches (0ms)
		RebuildScriptCaches (0ms)
		SetupLoadedEditorAssemblies (170ms)
			LogAssemblyErrors (0ms)
			InitializePlatformSupportModulesInManaged (9ms)
			SetLoadedEditorAssemblies (4ms)
			RefreshPlugins (0ms)
			BeforeProcessingInitializeOnLoad (3ms)
			ProcessInitializeOnLoadAttributes (108ms)
			ProcessInitializeOnLoadMethodAttributes (46ms)
			AfterProcessingInitializeOnLoad (0ms)
			EditorAssembliesLoaded (0ms)
		ExecutionOrderSort2 (0ms)
		AwakeInstancesAfterBackupRestoration (0ms)
========================================================================
Worker process is ready to serve import requests
Begin MonoManager ReloadAssembly
- Loaded All Assemblies, in  5.595 seconds
Refreshing native plugins compatible for Editor in 3.96 ms, found 3 plugins.
Native extension for WindowsStandalone target not found
Native extension for WebGL target not found
Package Manager log level set to [2]
[Package Manager] Server::EnsureServerProcessIsRunning -- launch failed, reason: Unity was launched with the -noUpm command-line argument
[Package Manager] UpmClient::Send -- Unable to send message (not connected to UPM process).
[Package Manager] Cannot connect to Unity Package Manager local server
Mono: successfully reloaded assembly
- Finished resetting the current domain, in  0.512 seconds
Domain Reload Profiling: 6103ms
	BeginReloadAssembly (205ms)
		ExecutionOrderSort (0ms)
		DisableScriptedObjects (7ms)
		BackupInstance (0ms)
		ReleaseScriptingObjects (0ms)
		CreateAndSetChildDomain (28ms)
	RebuildCommonClasses (39ms)
	RebuildNativeTypeToScriptingClass (14ms)
	initialDomainReloadingComplete (48ms)
	LoadAllAssembliesAndSetupDomain (5284ms)
		LoadAssemblies (5063ms)
		RebuildTransferFunctionScriptingTraits (0ms)
		AnalyzeDomain (348ms)
			TypeCache.Refresh (322ms)
				TypeCache.ScanAssembly (269ms)
			ScanForSourceGeneratedMonoScriptInfo (17ms)
			ResolveRequiredComponents (7ms)
	FinalizeReload (512ms)
		ReleaseScriptCaches (0ms)
		RebuildScriptCaches (0ms)
		SetupLoadedEditorAssemblies (374ms)
			LogAssemblyErrors (0ms)
			InitializePlatformSupportModulesInManaged (7ms)
			SetLoadedEditorAssemblies (3ms)
			RefreshPlugins (0ms)
			BeforeProcessingInitializeOnLoad (59ms)
			ProcessInitializeOnLoadAttributes (248ms)
			ProcessInitializeOnLoadMethodAttributes (50ms)
			AfterProcessingInitializeOnLoad (8ms)
			EditorAssembliesLoaded (0ms)
		ExecutionOrderSort2 (0ms)
		AwakeInstancesAfterBackupRestoration (6ms)
Launched and connected shader compiler UnityShaderCompiler.exe after 0.06 seconds
Refreshing native plugins compatible for Editor in 5.59 ms, found 3 plugins.
Preloading 0 native plugins for Editor in 0.00 ms.
Unloading 4900 Unused Serialized files (Serialized files now loaded: 0)
Unloading 64 unused Assets / (350.8 KB). Loaded Objects now: 5359.
Memory consumption went from 194.1 MB to 193.8 MB.
Total: 3.535900 ms (FindLiveObjects: 0.434600 ms CreateObjectMapping: 0.243200 ms MarkObjects: 2.625100 ms  DeleteObjects: 0.231000 ms)

AssetImportParameters requested are different than current active one (requested -> active):
  custom:container-demuxer-ogg: 62fdf1f143b41e24485cea50d1cbac27 -> 
  custom:video-codec-MediaFoundation-h265: 746d11721c4dcdbdad8f713fa42b33f4 -> 
  custom:video-decoder-ogg-theora: a1e56fd34408186e4bbccfd4996cb3dc -> 
  custom:framework-win-MediaFoundation: 216162199b28c13a410421893ffa2e32 -> 
  custom:CustomObjectIndexerAttribute: a3ef5dd2817f97addfee359851a9dba5 -> 
  custom:container-demuxer-webm: 4f35f7cbe854078d1ac9338744f61a02 -> 
  custom:container-muxer-webm: aa71ff27fc2769a1b78a27578f13a17b -> 
  custom:video-decoder-webm-vp8: 9c59270c3fd7afecdb556c50c9e8de78 -> 
  custom:SearchIndexIgnoredProperties: e643bd26f0fe6173181afceb89e7c659 -> 
  custom:AudioImporter_EditorPlatform: d09bf68614088b80899f8185d706f6e7 -> 
  custom:video-encoder-webm-vp8: eb34c28f22e8b96e1ab97ce403110664 -> 
  custom:audio-decoder-ogg-vorbis: bf7c407c2cedff20999df2af8eb42d56 -> 
  custom:audio-encoder-webm-vorbis: bf7c407c2cedff20999df2af8eb42d56 -> 
========================================================================
Received Import Request.
  Time since last request: 1506.087951 seconds.
  path: Assets/_project/Scenes/cubescene.unity
  artifactKey: Guid(cf18406e517ca31489951d7fb5800ef1) Importer(2089858483,0ecaa5967403d082aa24f35e1b516d23)
Start importing Assets/_project/Scenes/cubescene.unity using Guid(cf18406e517ca31489951d7fb5800ef1) Importer(2089858483,0ecaa5967403d082aa24f35e1b516d23) Generated GUIDs only implemented for interfaces!
 -> (artifact id: '04ef7053eb356f348331b855eb9d19f6') in 0.177947 seconds
Number of updated asset objects reloaded before import = 0
Number of asset objects unloaded after import = 1
========================================================================
Received Import Request.
  Time since last request: 0.000028 seconds.
  path: Assets/_project/Scenes/SampleScene.unity
  artifactKey: Guid(99c9720ab356a0642a771bea13969a05) Importer(2089858483,0ecaa5967403d082aa24f35e1b516d23)
Start importing Assets/_project/Scenes/SampleScene.unity using Guid(99c9720ab356a0642a771bea13969a05) Importer(2089858483,0ecaa5967403d082aa24f35e1b516d23) Generated GUIDs only implemented for interfaces!
 -> (artifact id: '40fe40fcd8165620b55d070a06658d7c') in 0.009600 seconds
Number of updated asset objects reloaded before import = 0
Number of asset objects unloaded after import = 1
========================================================================
Received Import Request.
  Time since last request: 0.000034 seconds.
  path: Assets/_project/Settings/URP-Balanced-Renderer.asset
  artifactKey: Guid(e634585d5c4544dd297acaee93dc2beb) Importer(2089858483,0ecaa5967403d082aa24f35e1b516d23)
Start importing Assets/_project/Settings/URP-Balanced-Renderer.asset using Guid(e634585d5c4544dd297acaee93dc2beb) Importer(2089858483,0ecaa5967403d082aa24f35e1b516d23) Generated GUIDs only implemented for interfaces!
 -> (artifact id: '696df58f696b4b45c8eeb2be571a250a') in 0.057062 seconds
Number of updated asset objects reloaded before import = 0
Number of asset objects unloaded after import = 2
========================================================================
Received Import Request.
  Time since last request: 0.000019 seconds.
  path: Assets/_project/TutorialInfo/Layout.wlt
  artifactKey: Guid(eabc9546105bf4accac1fd62a63e88e6) Importer(2089858483,0ecaa5967403d082aa24f35e1b516d23)
Start importing Assets/_project/TutorialInfo/Layout.wlt using Guid(eabc9546105bf4accac1fd62a63e88e6) Importer(2089858483,0ecaa5967403d082aa24f35e1b516d23) Generated GUIDs only implemented for interfaces!
 -> (artifact id: 'b7ff5c4b9057cd3c6c4043f00f4f6d87') in 0.007993 seconds
Number of updated asset objects reloaded before import = 0
Number of asset objects unloaded after import = 1
========================================================================
Received Import Request.
  Time since last request: 0.000018 seconds.
  path: Assets/_project/prefab/torreta_unity.fbx
  artifactKey: Guid(673c8fbdd763dee48aa3e6df16d329d8) Importer(2089858483,0ecaa5967403d082aa24f35e1b516d23)
Start importing Assets/_project/prefab/torreta_unity.fbx using Guid(673c8fbdd763dee48aa3e6df16d329d8) Importer(2089858483,0ecaa5967403d082aa24f35e1b516d23) Generated GUIDs only implemented for interfaces!
 -> (artifact id: '9cb91ff4a7f132cf97b8279a17cb0988') in 0.099463 seconds
Number of updated asset objects reloaded before import = 0
Number of asset objects unloaded after import = 65
========================================================================
Received Import Request.
  Time since last request: 465.914622 seconds.
  path: Assets/_project/prefab/fuego.prefab
  artifactKey: Guid(5be8966191d1d694ca7eeb117e502e6c) Importer(815301076,1909f56bfc062723c751e8b465ee728b)
Start importing Assets/_project/prefab/fuego.prefab using Guid(5be8966191d1d694ca7eeb117e502e6c) Importer(815301076,1909f56bfc062723c751e8b465ee728b)  -> (artifact id: '54cb8f571560eac2ccb9b63cbdc1d981') in 0.324736 seconds
Number of updated asset objects reloaded before import = 0
Number of asset objects unloaded after import = 8
========================================================================
Received Import Request.
  Time since last request: 0.613808 seconds.
  path: Assets/_project/prefab/fuego.prefab
  artifactKey: Guid(5be8966191d1d694ca7eeb117e502e6c) Importer(2089858483,0ecaa5967403d082aa24f35e1b516d23)
Start importing Assets/_project/prefab/fuego.prefab using Guid(5be8966191d1d694ca7eeb117e502e6c) Importer(2089858483,0ecaa5967403d082aa24f35e1b516d23) Generated GUIDs only implemented for interfaces!
 -> (artifact id: 'ad15d76e6a1590485751a22f3941b6f1') in 0.101556 seconds
Number of updated asset objects reloaded before import = 0
Number of asset objects unloaded after import = 6
========================================================================
Received Import Request.
  Time since last request: 1591.889552 seconds.
  path: Assets/_project/materials/fuego.jpg
  artifactKey: Guid(437bdba43873061489bbffc07de668ab) Importer(815301076,1909f56bfc062723c751e8b465ee728b)
Start importing Assets/_project/materials/fuego.jpg using Guid(437bdba43873061489bbffc07de668ab) Importer(815301076,1909f56bfc062723c751e8b465ee728b)  -> (artifact id: '3f0417f70ee493b3dd91e13637f1cf17') in 0.030971 seconds
Number of updated asset objects reloaded before import = 0
Number of asset objects unloaded after import = 2
========================================================================
Received Import Request.
  Time since last request: 0.936304 seconds.
  path: Assets/_project/materials/fuego.jpg
  artifactKey: Guid(437bdba43873061489bbffc07de668ab) Importer(2089858483,0ecaa5967403d082aa24f35e1b516d23)
Start importing Assets/_project/materials/fuego.jpg using Guid(437bdba43873061489bbffc07de668ab) Importer(2089858483,0ecaa5967403d082aa24f35e1b516d23) Generated GUIDs only implemented for interfaces!
 -> (artifact id: 'dcb320d3064a627c1d3c3b8c2ad999f6') in 0.050021 seconds
Number of updated asset objects reloaded before import = 0
Number of asset objects unloaded after import = 1
========================================================================
Received Import Request.
  Time since last request: 32.131438 seconds.
  path: Assets/_project/materials/fuego.jpg
  artifactKey: Guid(437bdba43873061489bbffc07de668ab) Importer(815301076,1909f56bfc062723c751e8b465ee728b)
Start importing Assets/_project/materials/fuego.jpg using Guid(437bdba43873061489bbffc07de668ab) Importer(815301076,1909f56bfc062723c751e8b465ee728b)  -> (artifact id: '2f45bb5cb0da6efaad15d6bb4cce0af7') in 0.016952 seconds
Number of updated asset objects reloaded before import = 0
Number of asset objects unloaded after import = 2
========================================================================
Received Import Request.
  Time since last request: 0.955825 seconds.
  path: Assets/_project/materials/fuego.jpg
  artifactKey: Guid(437bdba43873061489bbffc07de668ab) Importer(2089858483,0ecaa5967403d082aa24f35e1b516d23)
Start importing Assets/_project/materials/fuego.jpg using Guid(437bdba43873061489bbffc07de668ab) Importer(2089858483,0ecaa5967403d082aa24f35e1b516d23) Generated GUIDs only implemented for interfaces!
 -> (artifact id: 'e8cacefc3e005a88f84f56b6ca1e30e1') in 0.020174 seconds
Number of updated asset objects reloaded before import = 0
Number of asset objects unloaded after import = 1
========================================================================
Received Import Request.
  Time since last request: 58.258632 seconds.
  path: Assets/_project/materials/fuego.mat
  artifactKey: Guid(33d18fbf2eefe4c4783345ccdd5ae7c4) Importer(815301076,1909f56bfc062723c751e8b465ee728b)
Start importing Assets/_project/materials/fuego.mat using Guid(33d18fbf2eefe4c4783345ccdd5ae7c4) Importer(815301076,1909f56bfc062723c751e8b465ee728b)  -> (artifact id: 'e6a08c20c7e5143fbf2672ce71e3edac') in 0.051657 seconds
Number of updated asset objects reloaded before import = 0
Number of asset objects unloaded after import = 2
========================================================================
Received Import Request.
  Time since last request: 0.907183 seconds.
  path: Assets/_project/materials/fuego.mat
  artifactKey: Guid(33d18fbf2eefe4c4783345ccdd5ae7c4) Importer(2089858483,0ecaa5967403d082aa24f35e1b516d23)
Start importing Assets/_project/materials/fuego.mat using Guid(33d18fbf2eefe4c4783345ccdd5ae7c4) Importer(2089858483,0ecaa5967403d082aa24f35e1b516d23) Generated GUIDs only implemented for interfaces!
 -> (artifact id: 'd84be20c21af6e5817c98b73f2c81529') in 0.015092 seconds
Number of updated asset objects reloaded before import = 0
Number of asset objects unloaded after import = 1
========================================================================
Received Import Request.
  Time since last request: 114.622439 seconds.
  path: Assets/_project/materials/fuego.jpg
  artifactKey: Guid(437bdba43873061489bbffc07de668ab) Importer(815301076,1909f56bfc062723c751e8b465ee728b)
Start importing Assets/_project/materials/fuego.jpg using Guid(437bdba43873061489bbffc07de668ab) Importer(815301076,1909f56bfc062723c751e8b465ee728b)  -> (artifact id: '767a72a86dd9f09354ac91ce75a74759') in 0.020096 seconds
Number of updated asset objects reloaded before import = 0
Number of asset objects unloaded after import = 2
========================================================================
Received Import Request.
  Time since last request: 0.946427 seconds.
  path: Assets/_project/materials/fuego.jpg
  artifactKey: Guid(437bdba43873061489bbffc07de668ab) Importer(2089858483,0ecaa5967403d082aa24f35e1b516d23)
Start importing Assets/_project/materials/fuego.jpg using Guid(437bdba43873061489bbffc07de668ab) Importer(2089858483,0ecaa5967403d082aa24f35e1b516d23) Generated GUIDs only implemented for interfaces!
 -> (artifact id: 'bf7d3396aae236fd907312719f3b9ae2') in 0.026783 seconds
Number of updated asset objects reloaded before import = 0
Number of asset objects unloaded after import = 1
========================================================================
Received Import Request.
  Time since last request: 167.640266 seconds.
  path: Assets/_project/materials/fuego.mat
  artifactKey: Guid(33d18fbf2eefe4c4783345ccdd5ae7c4) Importer(815301076,1909f56bfc062723c751e8b465ee728b)
Start importing Assets/_project/materials/fuego.mat using Guid(33d18fbf2eefe4c4783345ccdd5ae7c4) Importer(815301076,1909f56bfc062723c751e8b465ee728b)  -> (artifact id: '9ae28b98c72df1e2f394decfd9aec79f') in 0.683629 seconds
Number of updated asset objects reloaded before import = 0
Number of asset objects unloaded after import = 2
========================================================================
Received Import Request.
  Time since last request: 0.269138 seconds.
  path: Assets/_project/materials/Materials
  artifactKey: Guid(34b8b0f7987731d4bbf85c6f6c8b3497) Importer(2089858483,0ecaa5967403d082aa24f35e1b516d23)
Start importing Assets/_project/materials/Materials using Guid(34b8b0f7987731d4bbf85c6f6c8b3497) Importer(2089858483,0ecaa5967403d082aa24f35e1b516d23) Generated GUIDs only implemented for interfaces!
 -> (artifact id: 'ad49b9b2ebe26e7971ee29ecd1b1a712') in 0.015616 seconds
Number of updated asset objects reloaded before import = 0
Number of asset objects unloaded after import = 1
========================================================================
Received Import Request.
  Time since last request: 0.000061 seconds.
  path: Assets/_project/materials/fuego.mat
  artifactKey: Guid(33d18fbf2eefe4c4783345ccdd5ae7c4) Importer(2089858483,0ecaa5967403d082aa24f35e1b516d23)
Start importing Assets/_project/materials/fuego.mat using Guid(33d18fbf2eefe4c4783345ccdd5ae7c4) Importer(2089858483,0ecaa5967403d082aa24f35e1b516d23) Generated GUIDs only implemented for interfaces!
 -> (artifact id: '7a62378267d7eccb58030844c77c4496') in 0.011704 seconds
Number of updated asset objects reloaded before import = 0
Number of asset objects unloaded after import = 1
========================================================================
Received Import Request.
  Time since last request: 2.729033 seconds.
  path: Assets/_project/materials/Materials
  artifactKey: Guid(34b8b0f7987731d4bbf85c6f6c8b3497) Importer(815301076,1909f56bfc062723c751e8b465ee728b)
Start importing Assets/_project/materials/Materials using Guid(34b8b0f7987731d4bbf85c6f6c8b3497) Importer(815301076,1909f56bfc062723c751e8b465ee728b)  -> (artifact id: '7905e1385880ebbf3fe9d3fa78a2c3bd') in 0.000569 seconds
Number of updated asset objects reloaded before import = 0
Number of asset objects unloaded after import = 0
========================================================================
Received Import Request.
  Time since last request: 0.720945 seconds.
  path: Assets/_project/materials/Materials/fuego.mat
  artifactKey: Guid(f600fbfddf052564fa676b1ef5fba531) Importer(815301076,1909f56bfc062723c751e8b465ee728b)
Start importing Assets/_project/materials/Materials/fuego.mat using Guid(f600fbfddf052564fa676b1ef5fba531) Importer(815301076,1909f56bfc062723c751e8b465ee728b)  -> (artifact id: '6dca52d3742f1835f47e97fe6d488702') in 0.086629 seconds
Number of updated asset objects reloaded before import = 0
Number of asset objects unloaded after import = 3
========================================================================
Received Import Request.
  Time since last request: 495.252222 seconds.
  path: Assets/_project/materials/unity 3d.png
  artifactKey: Guid(100704a14551c724eb0719851609e1c5) Importer(815301076,1909f56bfc062723c751e8b465ee728b)
Start importing Assets/_project/materials/unity 3d.png using Guid(100704a14551c724eb0719851609e1c5) Importer(815301076,1909f56bfc062723c751e8b465ee728b)  -> (artifact id: 'c4fc37585bb066f6909bca815f15cc70') in 0.023574 seconds
Number of updated asset objects reloaded before import = 0
Number of asset objects unloaded after import = 2
========================================================================
Received Import Request.
  Time since last request: 0.946081 seconds.
  path: Assets/_project/materials/unity 3d.png
  artifactKey: Guid(100704a14551c724eb0719851609e1c5) Importer(2089858483,0ecaa5967403d082aa24f35e1b516d23)
Start importing Assets/_project/materials/unity 3d.png using Guid(100704a14551c724eb0719851609e1c5) Importer(2089858483,0ecaa5967403d082aa24f35e1b516d23) Generated GUIDs only implemented for interfaces!
 -> (artifact id: '076bc4efa0ee40800b39384d45700dcc') in 0.020877 seconds
Number of updated asset objects reloaded before import = 0
Number of asset objects unloaded after import = 1
========================================================================
Received Import Request.
  Time since last request: 40.557339 seconds.
  path: Assets/_project/materials/unity 3d.png
  artifactKey: Guid(100704a14551c724eb0719851609e1c5) Importer(815301076,1909f56bfc062723c751e8b465ee728b)
Start importing Assets/_project/materials/unity 3d.png using Guid(100704a14551c724eb0719851609e1c5) Importer(815301076,1909f56bfc062723c751e8b465ee728b)  -> (artifact id: 'a33c2ad4a7e6143af2d73299c47d18da') in 0.019503 seconds
Number of updated asset objects reloaded before import = 0
Number of asset objects unloaded after import = 2
========================================================================
Received Import Request.
  Time since last request: 0.954544 seconds.
  path: Assets/_project/materials/unity 3d.png
  artifactKey: Guid(100704a14551c724eb0719851609e1c5) Importer(2089858483,0ecaa5967403d082aa24f35e1b516d23)
Start importing Assets/_project/materials/unity 3d.png using Guid(100704a14551c724eb0719851609e1c5) Importer(2089858483,0ecaa5967403d082aa24f35e1b516d23) Generated GUIDs only implemented for interfaces!
 -> (artifact id: 'de85cfc7bf7516a600b1eb3fcbd1bdd2') in 0.023211 seconds
Number of updated asset objects reloaded before import = 0
Number of asset objects unloaded after import = 1
========================================================================
Received Import Request.
  Time since last request: 25.011813 seconds.
  path: Assets/_project/materials/unity 3d.png
  artifactKey: Guid(100704a14551c724eb0719851609e1c5) Importer(815301076,1909f56bfc062723c751e8b465ee728b)
Start importing Assets/_project/materials/unity 3d.png using Guid(100704a14551c724eb0719851609e1c5) Importer(815301076,1909f56bfc062723c751e8b465ee728b)  -> (artifact id: 'c734e3b607ea3e5ae9005e5f1088d2d4') in 0.015599 seconds
Number of updated asset objects reloaded before import = 0
Number of asset objects unloaded after import = 2
========================================================================
Received Import Request.
  Time since last request: 0.952388 seconds.
  path: Assets/_project/materials/unity 3d.png
  artifactKey: Guid(100704a14551c724eb0719851609e1c5) Importer(2089858483,0ecaa5967403d082aa24f35e1b516d23)
Start importing Assets/_project/materials/unity 3d.png using Guid(100704a14551c724eb0719851609e1c5) Importer(2089858483,0ecaa5967403d082aa24f35e1b516d23) Generated GUIDs only implemented for interfaces!
 -> (artifact id: 'edd7efa517efa81be65ed531e7385ab3') in 0.034204 seconds
Number of updated asset objects reloaded before import = 0
Number of asset objects unloaded after import = 1
========================================================================
Received Import Request.
  Time since last request: 585.148853 seconds.
  path: Assets/_project/materials/Materials/fuego.mat
  artifactKey: Guid(33d18fbf2eefe4c4783345ccdd5ae7c4) Importer(2089858483,0ecaa5967403d082aa24f35e1b516d23)
Start importing Assets/_project/materials/Materials/fuego.mat using Guid(33d18fbf2eefe4c4783345ccdd5ae7c4) Importer(2089858483,0ecaa5967403d082aa24f35e1b516d23) Generated GUIDs only implemented for interfaces!
 -> (artifact id: 'c49220ac30fa8bf42e6161ec0c660522') in 0.024972 seconds
Number of updated asset objects reloaded before import = 0
Number of asset objects unloaded after import = 2
========================================================================
Received Import Request.
  Time since last request: 9.031727 seconds.
  path: Assets/_project/texture
  artifactKey: Guid(2f50df82142f5e4408a255fd650ad482) Importer(815301076,1909f56bfc062723c751e8b465ee728b)
Start importing Assets/_project/texture using Guid(2f50df82142f5e4408a255fd650ad482) Importer(815301076,1909f56bfc062723c751e8b465ee728b)  -> (artifact id: '64feb525c28164d09163383a97f6af22') in 0.000698 seconds
Number of updated asset objects reloaded before import = 0
Number of asset objects unloaded after import = 0
========================================================================
Received Import Request.
  Time since last request: 0.961004 seconds.
  path: Assets/_project/texture
  artifactKey: Guid(2f50df82142f5e4408a255fd650ad482) Importer(2089858483,0ecaa5967403d082aa24f35e1b516d23)
Start importing Assets/_project/texture using Guid(2f50df82142f5e4408a255fd650ad482) Importer(2089858483,0ecaa5967403d082aa24f35e1b516d23) Generated GUIDs only implemented for interfaces!
 -> (artifact id: '152690e0cc50588124b01eb9581f3e99') in 0.018542 seconds
Number of updated asset objects reloaded before import = 0
Number of asset objects unloaded after import = 1
========================================================================
Received Import Request.
  Time since last request: 0.945019 seconds.
  path: Assets/_project/materials/Materials/fuego.mat
  artifactKey: Guid(33d18fbf2eefe4c4783345ccdd5ae7c4) Importer(815301076,1909f56bfc062723c751e8b465ee728b)
Start importing Assets/_project/materials/Materials/fuego.mat using Guid(33d18fbf2eefe4c4783345ccdd5ae7c4) Importer(815301076,1909f56bfc062723c751e8b465ee728b)  -> (artifact id: 'b7c7f8dcad38d3d9a5b8b8e801f6721c') in 0.051229 seconds
Number of updated asset objects reloaded before import = 0
Number of asset objects unloaded after import = 3
========================================================================
Received Import Request.
  Time since last request: 15.191232 seconds.
  path: Assets/_project/texture/unity 3d.png
  artifactKey: Guid(100704a14551c724eb0719851609e1c5) Importer(2089858483,0ecaa5967403d082aa24f35e1b516d23)
Start importing Assets/_project/texture/unity 3d.png using Guid(100704a14551c724eb0719851609e1c5) Importer(2089858483,0ecaa5967403d082aa24f35e1b516d23) Generated GUIDs only implemented for interfaces!
 -> (artifact id: 'af4e253db2a8c43cfe47cf5669a331b8') in 0.023182 seconds
Number of updated asset objects reloaded before import = 0
Number of asset objects unloaded after import = 1
========================================================================
Received Import Request.
  Time since last request: 7.569121 seconds.
  path: Assets/_project/Settings
  artifactKey: Guid(709f11a7f3c4041caa4ef136ea32d874) Importer(815301076,1909f56bfc062723c751e8b465ee728b)
Start importing Assets/_project/Settings using Guid(709f11a7f3c4041caa4ef136ea32d874) Importer(815301076,1909f56bfc062723c751e8b465ee728b)  -> (artifact id: '1590fa22b40341c212b8176897fa41ce') in 0.005365 seconds
Number of updated asset objects reloaded before import = 0
Number of asset objects unloaded after import = 0
========================================================================
Received Import Request.
  Time since last request: 1.091852 seconds.
  path: Assets/_project/TutorialInfo
  artifactKey: Guid(ba062aa6c92b140379dbc06b43dd3b9b) Importer(815301076,1909f56bfc062723c751e8b465ee728b)
Start importing Assets/_project/TutorialInfo using Guid(ba062aa6c92b140379dbc06b43dd3b9b) Importer(815301076,1909f56bfc062723c751e8b465ee728b)  -> (artifact id: '87cdd8eefe9ebe14c8a8ffb28412325b') in 0.005155 seconds
Number of updated asset objects reloaded before import = 0
Number of asset objects unloaded after import = 0
========================================================================
Received Import Request.
  Time since last request: 2.734329 seconds.
  path: Assets/_project/Scenes/Settings
  artifactKey: Guid(709f11a7f3c4041caa4ef136ea32d874) Importer(2089858483,0ecaa5967403d082aa24f35e1b516d23)
Start importing Assets/_project/Scenes/Settings using Guid(709f11a7f3c4041caa4ef136ea32d874) Importer(2089858483,0ecaa5967403d082aa24f35e1b516d23) Generated GUIDs only implemented for interfaces!
 -> (artifact id: 'a3cf77268f493357d8a2f39c713a0b83') in 0.011963 seconds
Number of updated asset objects reloaded before import = 0
Number of asset objects unloaded after import = 1
========================================================================
Received Import Request.
  Time since last request: 0.011941 seconds.
  path: Assets/_project/Scenes/Settings/URP-Performant-Renderer.asset
  artifactKey: Guid(707360a9c581a4bd7aa53bfeb1429f71) Importer(2089858483,0ecaa5967403d082aa24f35e1b516d23)
Start importing Assets/_project/Scenes/Settings/URP-Performant-Renderer.asset using Guid(707360a9c581a4bd7aa53bfeb1429f71) Importer(2089858483,0ecaa5967403d082aa24f35e1b516d23) Generated GUIDs only implemented for interfaces!
 -> (artifact id: 'c9ba5cc6dedb0a53b20f3a6d3485b8e3') in 0.078779 seconds
Number of updated asset objects reloaded before import = 0
Number of asset objects unloaded after import = 1
========================================================================
Received Import Request.
  Time since last request: 0.000034 seconds.
  path: Assets/_project/Scenes/Settings/URP-Balanced-Renderer.asset
  artifactKey: Guid(e634585d5c4544dd297acaee93dc2beb) Importer(2089858483,0ecaa5967403d082aa24f35e1b516d23)
Start importing Assets/_project/Scenes/Settings/URP-Balanced-Renderer.asset using Guid(e634585d5c4544dd297acaee93dc2beb) Importer(2089858483,0ecaa5967403d082aa24f35e1b516d23) Generated GUIDs only implemented for interfaces!
 -> (artifact id: '55ebc81ca42e5be0813836b1d63d53b4') in 0.041990 seconds
Number of updated asset objects reloaded before import = 0
Number of asset objects unloaded after import = 2
========================================================================
Received Import Request.
  Time since last request: 0.000049 seconds.
  path: Assets/_project/Scenes/Settings/SampleSceneProfile.asset
  artifactKey: Guid(a6560a915ef98420e9faacc1c7438823) Importer(2089858483,0ecaa5967403d082aa24f35e1b516d23)
Start importing Assets/_project/Scenes/Settings/SampleSceneProfile.asset using Guid(a6560a915ef98420e9faacc1c7438823) Importer(2089858483,0ecaa5967403d082aa24f35e1b516d23) Generated GUIDs only implemented for interfaces!
 -> (artifact id: 'a4b902b6c9eb96bcf45425c08bd3c387') in 0.028978 seconds
Number of updated asset objects reloaded before import = 0
Number of asset objects unloaded after import = 4
========================================================================
Received Import Request.
  Time since last request: 0.000020 seconds.
  path: Assets/_project/Scenes/Settings/URP-Performant.asset
  artifactKey: Guid(d0e2fc18fe036412f8223b3b3d9ad574) Importer(2089858483,0ecaa5967403d082aa24f35e1b516d23)
Start importing Assets/_project/Scenes/Settings/URP-Performant.asset using Guid(d0e2fc18fe036412f8223b3b3d9ad574) Importer(2089858483,0ecaa5967403d082aa24f35e1b516d23) Generated GUIDs only implemented for interfaces!
 -> (artifact id: '2582d8b10f148a8fdda5e53df93fcae4') in 0.077739 seconds
Number of updated asset objects reloaded before import = 0
Number of asset objects unloaded after import = 2
========================================================================
Received Import Request.
  Time since last request: 1.250508 seconds.
  path: Assets/_project/Scenes/texture
  artifactKey: Guid(2f50df82142f5e4408a255fd650ad482) Importer(2089858483,0ecaa5967403d082aa24f35e1b516d23)
Start importing Assets/_project/Scenes/texture using Guid(2f50df82142f5e4408a255fd650ad482) Importer(2089858483,0ecaa5967403d082aa24f35e1b516d23) Generated GUIDs only implemented for interfaces!
 -> (artifact id: 'fa25bc1b07348fc8bed44ca620762381') in 0.010110 seconds
Number of updated asset objects reloaded before import = 0
Number of asset objects unloaded after import = 1
========================================================================
Received Import Request.
  Time since last request: 1.252850 seconds.
  path: Assets/_project/Scenes/TutorialInfo/Scripts/Editor
  artifactKey: Guid(3ad9b87dffba344c89909c6d1b1c17e1) Importer(2089858483,0ecaa5967403d082aa24f35e1b516d23)
Start importing Assets/_project/Scenes/TutorialInfo/Scripts/Editor using Guid(3ad9b87dffba344c89909c6d1b1c17e1) Importer(2089858483,0ecaa5967403d082aa24f35e1b516d23) Generated GUIDs only implemented for interfaces!
 -> (artifact id: 'd106720e8ee523a48a5cb7ccdb1cc7a2') in 0.009767 seconds
Number of updated asset objects reloaded before import = 0
Number of asset objects unloaded after import = 1
========================================================================
Received Import Request.
  Time since last request: 0.000041 seconds.
  path: Assets/_project/Scenes/TutorialInfo
  artifactKey: Guid(ba062aa6c92b140379dbc06b43dd3b9b) Importer(2089858483,0ecaa5967403d082aa24f35e1b516d23)
Start importing Assets/_project/Scenes/TutorialInfo using Guid(ba062aa6c92b140379dbc06b43dd3b9b) Importer(2089858483,0ecaa5967403d082aa24f35e1b516d23) Generated GUIDs only implemented for interfaces!
 -> (artifact id: '0db2eaa1138f26bbb41fa9a4d6439907') in 0.010366 seconds
Number of updated asset objects reloaded before import = 0
Number of asset objects unloaded after import = 1
========================================================================
Received Import Request.
  Time since last request: 0.000043 seconds.
  path: Assets/_project/Scenes/TutorialInfo/Scripts
  artifactKey: Guid(5a9bcd70e6a4b4b05badaa72e827d8e0) Importer(2089858483,0ecaa5967403d082aa24f35e1b516d23)
Start importing Assets/_project/Scenes/TutorialInfo/Scripts using Guid(5a9bcd70e6a4b4b05badaa72e827d8e0) Importer(2089858483,0ecaa5967403d082aa24f35e1b516d23) Generated GUIDs only implemented for interfaces!
 -> (artifact id: 'a58b130c640c5f9a3aa042a6b3776198') in 0.010801 seconds
Number of updated asset objects reloaded before import = 0
Number of asset objects unloaded after import = 1
========================================================================
Received Import Request.
  Time since last request: 0.000034 seconds.
  path: Assets/_project/Scenes/TutorialInfo/Layout.wlt
  artifactKey: Guid(eabc9546105bf4accac1fd62a63e88e6) Importer(2089858483,0ecaa5967403d082aa24f35e1b516d23)
Start importing Assets/_project/Scenes/TutorialInfo/Layout.wlt using Guid(eabc9546105bf4accac1fd62a63e88e6) Importer(2089858483,0ecaa5967403d082aa24f35e1b516d23) Generated GUIDs only implemented for interfaces!
 -> (artifact id: 'dd8261a355a1473621f5cd6a0d2cbd1a') in 0.010684 seconds
Number of updated asset objects reloaded before import = 0
Number of asset objects unloaded after import = 1
========================================================================
Received Import Request.
  Time since last request: 0.000098 seconds.
  path: Assets/_project/Scenes/TutorialInfo/Scripts/Readme.cs
  artifactKey: Guid(fcf7219bab7fe46a1ad266029b2fee19) Importer(2089858483,0ecaa5967403d082aa24f35e1b516d23)
Start importing Assets/_project/Scenes/TutorialInfo/Scripts/Readme.cs using Guid(fcf7219bab7fe46a1ad266029b2fee19) Importer(2089858483,0ecaa5967403d082aa24f35e1b516d23) Generated GUIDs only implemented for interfaces!
 -> (artifact id: '27192f9cc5d1b7c7ce7c10dd8f1b8e10') in 0.017453 seconds
Number of updated asset objects reloaded before import = 0
Number of asset objects unloaded after import = 1
========================================================================
Received Import Request.
  Time since last request: 2.776232 seconds.
  path: Assets/_project/Scenes/Readme.asset
  artifactKey: Guid(8105016687592461f977c054a80ce2f2) Importer(2089858483,0ecaa5967403d082aa24f35e1b516d23)
Start importing Assets/_project/Scenes/Readme.asset using Guid(8105016687592461f977c054a80ce2f2) Importer(2089858483,0ecaa5967403d082aa24f35e1b516d23) Generated GUIDs only implemented for interfaces!
 -> (artifact id: '2520ea42bd662dce02dcf8d58b06170b') in 0.013145 seconds
Number of updated asset objects reloaded before import = 0
Number of asset objects unloaded after import = 2
========================================================================
Received Import Request.
  Time since last request: 1.027623 seconds.
  path: Assets/_project/Scenes/UniversalRenderPipelineGlobalSettings.asset
  artifactKey: Guid(18dc0cd2c080841dea60987a38ce93fa) Importer(2089858483,0ecaa5967403d082aa24f35e1b516d23)
Start importing Assets/_project/Scenes/UniversalRenderPipelineGlobalSettings.asset using Guid(18dc0cd2c080841dea60987a38ce93fa) Importer(2089858483,0ecaa5967403d082aa24f35e1b516d23) Generated GUIDs only implemented for interfaces!
 -> (artifact id: 'c45c56bac9874b4c4cab5e217b08e94c') in 0.014850 seconds
Number of updated asset objects reloaded before import = 0
Number of asset objects unloaded after import = 1
========================================================================
Received Prepare
Begin MonoManager ReloadAssembly
- Loaded All Assemblies, in  2.218 seconds
Refreshing native plugins compatible for Editor in 7.70 ms, found 3 plugins.
Native extension for WindowsStandalone target not found
Native extension for WebGL target not found
[Package Manager] Server::EnsureServerProcessIsRunning -- launch failed, reason: Unity was launched with the -noUpm command-line argument
[Package Manager] UpmClient::Send -- Unable to send message (not connected to UPM process).
[Package Manager] Cannot connect to Unity Package Manager local server
Mono: successfully reloaded assembly
- Finished resetting the current domain, in  3.480 seconds
Domain Reload Profiling: 5692ms
	BeginReloadAssembly (459ms)
		ExecutionOrderSort (0ms)
		DisableScriptedObjects (13ms)
		BackupInstance (0ms)
		ReleaseScriptingObjects (0ms)
		CreateAndSetChildDomain (245ms)
	RebuildCommonClasses (34ms)
	RebuildNativeTypeToScriptingClass (10ms)
	initialDomainReloadingComplete (47ms)
	LoadAllAssembliesAndSetupDomain (1663ms)
		LoadAssemblies (1732ms)
		RebuildTransferFunctionScriptingTraits (0ms)
		AnalyzeDomain (68ms)
			TypeCache.Refresh (18ms)
				TypeCache.ScanAssembly (0ms)
			ScanForSourceGeneratedMonoScriptInfo (36ms)
			ResolveRequiredComponents (12ms)
	FinalizeReload (3480ms)
		ReleaseScriptCaches (0ms)
		RebuildScriptCaches (0ms)
		SetupLoadedEditorAssemblies (481ms)
			LogAssemblyErrors (0ms)
			InitializePlatformSupportModulesInManaged (12ms)
			SetLoadedEditorAssemblies (7ms)
			RefreshPlugins (0ms)
			BeforeProcessingInitializeOnLoad (80ms)
			ProcessInitializeOnLoadAttributes (279ms)
			ProcessInitializeOnLoadMethodAttributes (79ms)
			AfterProcessingInitializeOnLoad (23ms)
			EditorAssembliesLoaded (0ms)
		ExecutionOrderSort2 (0ms)
		AwakeInstancesAfterBackupRestoration (26ms)
Refreshing native plugins compatible for Editor in 8.14 ms, found 3 plugins.
Preloading 0 native plugins for Editor in 0.00 ms.
Unloading 4747 Unused Serialized files (Serialized files now loaded: 0)
Unloading 39 unused Assets / (318.1 KB). Loaded Objects now: 5447.
Memory consumption went from 173.2 MB to 172.9 MB.
Total: 6.979400 ms (FindLiveObjects: 0.469500 ms CreateObjectMapping: 0.208000 ms MarkObjects: 6.098700 ms  DeleteObjects: 0.201700 ms)

Prepare: number of updated asset objects reloaded= 0
AssetImportParameters requested are different than current active one (requested -> active):
  custom:container-demuxer-ogg: 62fdf1f143b41e24485cea50d1cbac27 -> 
  custom:video-codec-MediaFoundation-h265: 746d11721c4dcdbdad8f713fa42b33f4 -> 
  custom:video-decoder-ogg-theora: a1e56fd34408186e4bbccfd4996cb3dc -> 
  custom:framework-win-MediaFoundation: 216162199b28c13a410421893ffa2e32 -> 
  custom:CustomObjectIndexerAttribute: a3ef5dd2817f97addfee359851a9dba5 -> 
  custom:container-demuxer-webm: 4f35f7cbe854078d1ac9338744f61a02 -> 
  custom:container-muxer-webm: aa71ff27fc2769a1b78a27578f13a17b -> 
  custom:video-decoder-webm-vp8: 9c59270c3fd7afecdb556c50c9e8de78 -> 
  custom:SearchIndexIgnoredProperties: e643bd26f0fe6173181afceb89e7c659 -> 
  custom:AudioImporter_EditorPlatform: d09bf68614088b80899f8185d706f6e7 -> 
  custom:video-encoder-webm-vp8: eb34c28f22e8b96e1ab97ce403110664 -> 
  custom:audio-decoder-ogg-vorbis: bf7c407c2cedff20999df2af8eb42d56 -> 
  custom:audio-encoder-webm-vorbis: bf7c407c2cedff20999df2af8eb42d56 -> 
Editor requested this worker to shutdown with reason: Scaling down because of idle timeout
TcpMessagingSession - receive error: operation aborted. errorcode: 995, details: La operación de E/S se anuló por una salida de subproceso o por una solicitud de aplicación.
AssetImportWorker is now disconnected from the server
Process exiting
Exiting without the bug reporter. Application will terminate with return code 0